#
#
#
#
#
#    Don't try viewing this report without a plog-converter utility!!!
#
#    plog-converter -a GA:1,2 -t tasklist -o report.tasks /path/to/this/file.log
#
#    A link to the documentation: https://pvs-studio.com/en/docs/manual/0036/
#
#
#
#
#
d99cf3ba-6fcd-43f9-9260-1179fa3a9bed
dR'8_uR%RCu>u]RER U2=u$2UaPR% U2=uER2uvu2R%SERPu==UjuR%Re8hac2-'u>=uc]-22cu/k-auc->cXc_Uf=}c{2-'scNCu>u]Nco8c2uUa>cP8auc8ac'8>oU'och=cUoc=hkk8ao7v-vUVb}'8P}RERk8=-o-8>=R%!dR -2uR%RcRER2->u=R%!x"B"B
dR'8_uR%Rr[i[RER'haa@->uR%Rcccc- c;c ]a-ouc;c9h  uaEc'Lh>s.-:uEcxEc_-=sc^c&mcxc^cdRER']uR%bGVER U2=u$2UaPR% U2=uER2uvu2R%xERPu==UjuR%R,LucN9h  uaNck8->ouac]U=cho-2-:u_c9u 8auc-oc]U=cvua- -u_cUjU->=oc>h22koa}c{Lu'sc2->u=%cb*GEcbVG}RER>u/o@->uR%Rcccccka->o c;c)R<aa8a%cTU-2u_co8c]a-ouc_-=scNY=N))>)REc_-=s>UPuc^nRERk8=-o-8>=R%!dR -2uR%R(a88o(O88o28U_ua(O6T.(9P =}'RER2->u=R%!b*GEbVG"B"ERkauv@->uR%Rccc- c;c'Lh>s.-:uc3cSc^cdRER=U=o1_R%R{<C,w<M\xJw{RB
dR'8_uR%Rr[i[RER'haa@->uR%Rcccc- c;c uaa8ac;c_-=sc^c^cdRER']uR%bGVER U2=u$2UaPR% U2=uER2uvu2R%xERPu==UjuR%R,LucN_-=sNck8->ouac]U=cho-2-:u_c9u 8auc-oc]U=cvua- -u_cUjU->=oc>h22koa}c{Lu'sc2->u=%cbbJEcbVx}RER>u/o@->uR%Rcccccka->o c;c)R<aa8a%cTU-2u_co8cauU_c -2ucNY=N))>)REcsua>u2c^nRERk8=-o-8>=R%!dR -2uR%R(a88o(O88o28U_ua(O6T.(9P =}'RER2->u=R%!bbJEbVx"B"ERkauv@->uR%RcccBcu2=ucdRER=U=o1_R%R{<C,w<M\xJw{RB
dR'8_uR%RrxS*JRER'haa@->uR%Rccck<>oafcmc;c=oah'ocO6T.<>oafc+c^c;c_-aK'8kfctco->oc+cVbc^nc((ck8->o=co8coLuc'haau>oc_-au'o8afcu>oafRER']uR%Xb*ER U2=u$2UaPR% U2=uER2uvu2R%JERPu==UjuR%R,Luck8->ouacN_-aK'8kfNc-=c'U=oco8cUcP8auc=oa-'o2fcU2-j>u_ck8->ouacofku}RER>u/o@->uR%Rccc- c;ck<>oafw3T-2uQUPu!S"cmmcS/SSc^cdc((cu>_c8 c_-au'o8afRERk8=-o-8>=R%!dR -2uR%R(a88o(O88o28U_ua(O6T.(9P =}'RER2->u=R%![xi"B"ERkauv@->uR%Rcc 8ac;co->ocmcSnco->ocycVbnco->ottc^cdRER=U=o1_R%R{<C,w<M\*Vw{RB
dR'8_uR%RrxS*JRER'haa@->uR%Rcck<>oafcmc;c=oah'ocO6T.<>oafc+c^c;cF-au'o8afctc -a=oK auuKu>oafc+cVbc^nRER']uR%Xb*ER U2=u$2UaPR% U2=uER2uvu2R%JERPu==UjuR%R,Luck8->ouacNF-au'o8afNc-=c'U=oco8cUcP8auc=oa-'o2fcU2-j>u_ck8->ouacofku}RER>u/o@->uR%Rcck<>oafw3.oUao->jO28'scmc>u]K -2uK=oUaonRERk8=-o-8>=R%!dR -2uR%R(a88o(O88o28U_ua(O6T.(9P =}'RER2->u=R%![Vi"B"ERkauv@->uR%Rcc((c$__c -2ucau'8a_co8cF-au'o8afRER=U=o1_R%R{<C,w<M\*Vw{RB
dR'8_uR%Rr[G[RER'haa@->uR%RccPuP=uoc;c9h  uaEcSEc9h  ua.-:uc^nRER']uR%VJXER U2=u$2UaPR% U2=uER2uvu2R%*ERPu==UjuR%R,Luck8ou>o-U2c>h22ck8->ouac-=ckU==u_c->o8cNPuP=uoNc h>'o-8>}c1>=ku'ocoLuc -a=ocUajhPu>o}RER>u/o@->uR%Rcc]a-ou.-:ucmcSnRERk8=-o-8>=R%!dR -2uR%R(a88o(O88o28U_ua(O6T.(9P =}'RER2->u=R%!*V["B"ERkauv@->uR%Rcc_8h92uckua'u>onRER=U=o1_R%R{<C,w<M\*Gw{RB
dR'8_uR%Rr[G[RER'haa@->uR%Rccau]->_c;c_-=sc^nRER']uR%VJXER U2=u$2UaPR% U2=uER2uvu2R%*ERPu==UjuR%R,Luck8ou>o-U2c>h22ck8->ouac-=ckU==u_c->o8cNau]->_Nc h>'o-8>}c1>=ku'ocoLuc -a=ocUajhPu>o}RER>u/o@->uR%Rcc 8aPUo;^nRERk8=-o-8>=R%!dR -2uR%R(a88o(O88o28U_ua(O6T.(9P =}'RER2->u=R%!*iS"B"ERkauv@->uR%Rc- c;cauocmmcSc^cdRER=U=o1_R%R{<C,w<M\*Gw{RB
dR'8_uR%Rr[GVRER'haa@->uR%Rcka->o c;c)RY=))>F-=sc.-:u%cY_c6-O))>)REc_-=s>UPuEc_-=s=-:uc^nRER']uR%VJXER U2=u$2UaPR% U2=uER2uvu2R%*ERPu==UjuR%R1>'8aau'oc 8aPUo}c{8>=-_uac'Lu's->jcoLucoL-a_cU'ohU2cUajhPu>oc8 coLucNka->o Nc h>'o-8>}c,Luc.1HQ<Fc->oujuacofkucUajhPu>oc-=cu/ku'ou_}RER>u/o@->uR%Rcka->o c;c)RQUPuccccccccccccccccccccccccccccpcccccccccccc.-:uc;O^pccccccCu=uavu_c;6-O^))>)Rc^nRERk8=-o-8>=R%!dR -2uR%R(a88o(O88o28U_ua(O6T.(9P =}'RER2->u=R%!xiS"B"ER=U=o1_R%R{<C,wT1?bGw{RB
dR'8_uR%Rr[GVRER'haa@->uR%Rcccka->o c;c)RYw*J=cYJS22_cYJS22_))>)REcu>oaf}T-2uQUPuEcu>oaf}T-2u.-:uEc;cu>oaf}Cu=uavu_O28's=c+cJc^c^nRER']uR%VJXER U2=u$2UaPR% U2=uER2uvu2R%*ERPu==UjuR%R1>'8aau'oc 8aPUo}c{8>=-_uac'Lu's->jcoLuc 8haoLcU'ohU2cUajhPu>oc8 coLucNka->o Nc h>'o-8>}c,Luc.1HQ<Fc->oujuacofkucUajhPu>oc-=cu/ku'ou_}RER>u/o@->uR%RccBRERk8=-o-8>=R%!dR -2uR%R(a88o(O88o28U_ua(O6T.(9P =}'RER2->u=R%!JSS"B"ERkauv@->uR%RccBcu2=ucdccccccccc((crU2-_cu>oafRER=U=o1_R%R{<C,wT1?bGw{RB
dR'8_uR%Rr[GVRER'haa@->uR%Rcccka->o c;c)RYw*J=cYJS22_cYJS22_))>)REcu>oaf}T-2uQUPuEcu>oaf}T-2u.-:uEc;cu>oaf}Cu=uavu_O28's=c+cJc^c^nRER']uR%VJXER U2=u$2UaPR% U2=uER2uvu2R%*ERPu==UjuR%R1>'8aau'oc 8aPUo}c{8>=-_uac'Lu's->jcoLucoL-a_cU'ohU2cUajhPu>oc8 coLucNka->o Nc h>'o-8>}c,Luc.1HQ<Fc->oujuacofkucUajhPu>oc-=cu/ku'ou_}RER>u/o@->uR%RccBRERk8=-o-8>=R%!dR -2uR%R(a88o(O88o28U_ua(O6T.(9P =}'RER2->u=R%!JSS"B"ERkauv@->uR%RccBcu2=ucdccccccccc((crU2-_cu>oafRER=U=o1_R%R{<C,wT1?bGw{RB
dR'8_uR%Rr[GVRER'haa@->uR%Rcccka->o c;c)R<aa8a%cg>U92uco8c8ku>cY=c -2ucNY=N))>)REc988oT-2u,fkuEc988oc^nRER']uR%VXGER U2=u$2UaPR% U2=uER2uvu2R%*ERPu==UjuR%R1>'8aau'oc 8aPUo}c{8>=-_uac'Lu's->jcoLuc=u'8>_cU'ohU2cUajhPu>oc8 coLucNka->o Nc h>'o-8>}cg>_uac'uaoU->c'8>_-o-8>=coLuck8->ouac'U>c9uc>h22}RER>u/o@->uR%RcccauocmcxnRERk8=-o-8>=R%!dR -2uR%R(a88o(O88o28U_ua(O6T.(9P =}'RER2->u=R%!*JX"B"ERkauv@->uR%Rcc- c;c988oT-2ucmmcQg@@c^cdRER=U=o1_R%R{<C,wF{@xxw{RB
dR'8_uR%Rr[GVRER'haa@->uR%Rcccka->o c;c)R{U>>8oc'auUouc -2uc8 c=-:ucY22_c6-O}))>)REcPU/=-:uc^nRER']uR%VJXER U2=u$2UaPR% U2=uER2uvu2R%*ERPu==UjuR%R1>'8aau'oc 8aPUo}c{8>=-_uac'Lu's->jcoLuc=u'8>_cU'ohU2cUajhPu>oc8 coLucNka->o Nc h>'o-8>}c,Luc.1HQ<Fc->oujuacofkucUajhPu>oc-=cu/ku'ou_}RER>u/o@->uR%Rcccauoha>nRERk8=-o-8>=R%!dR -2uR%R(a88o(O88o28U_ua(O6T.(9P =}'RER2->u=R%![Vb"B"ERkauv@->uR%Rcc- c;c>u]K -2uK=oUaocmmcSc^cdRER=U=o1_R%R{<C,wT1?bGw{RB
dR'8_uR%Rr[XbRER'haa@->uR%Rccc- c;c_-=s.-:uc+cxSJbc3c_-=s.-:uc^cdc((c6Usuc=hauc]uc_8>Noc8vua 28]RER']uR%bXSER U2=u$2UaPR% U2=uER2uvu2R%*ERPu==UjuR%R,LucN_-=s.-:uNcvU2huc-=ckau=u>oc8>c98oLc=-_u=c8 coLucN3Nc8kuaUo8a}c,Lucu/kau==-8>c-=c->'8aau'oc8ac-oc'U>c9uc=-Pk2- -u_}RER>u/o@->uR%Rcccc_-=s.-:uc+mcxSJbnRERk8=-o-8>=R%!dR -2uR%R(a88o(O88o28U_ua(O6T.(9P =}'RER2->u=R%!JiX"B"ERkauv@->uR%Rcc]L-2uc;c_-=s.-:uTU'o8awwc^cdRB
dR'8_uR%RrxSSbRER'haa@->uR%Rcccka->o c;c)R<aa8a%cTU-2u_co8cauU_c -2ucNY=N))>)REcP9ac^nRER']uR%VXGER U2=u$2UaPR% U2=uER2uvu2R%*ERPu==UjuR%R,LucNP9aNck8->ouac]U=ch=u_ch>=U u2fcU ouac-oc]U=cvua- -u_cUjU->=oc>h22koa}c{Lu'sc2->u=%c*xVEcbSb}RER>u/o@->uR%RcccauocmcxnRERk8=-o-8>=R%!dR -2uR%R(a88o(O88o28U_ua(O6T.(9P =}'RER2->u=R%!bSbE*xV"B"ERkauv@->uR%RccBcu2=ucdRER=U=o1_R%R{<C,w<M\*bw{RB
dR'8_uR%Rr[J[RER'haa@->uR%Rcccc2-9'Ouuk;{[Ec[^ncccRER']uR%VXJER U2=u$2UaPR% U2=uER2uvu2R%*ERPu==UjuR%R,Luc'8_uc'8>oU->=coLuc'822u'o-8>c8 c=-P-2Uac928's=}c{Lu'sc-ouP=cN[NEcN[NEcN[NEcN[NEcNVNEcNbNEcNbNEcNbNEcNbNEcNbNc->c2->u=cJbEcJ[EcJVEcJGEcJXEc*SEc*xEc*JEc**Ec*b}RER>u/o@->uR%Rcccc2-9'Ouuk;<[Ec[^nRERk8=-o-8>=R%!dR -2uR%R(a88o(g=ua2U>_(=Lu22{8_u68_h2u(@-9(2-9'}'RER2->u=R%!JbEJ[EJVEJGEJXE*SE*xE*JE**E*b"B"ERkauv@->uR%Rv8-_c2-9'\2Uf.-Pk2u6u28_f;^cdRB
